# Elapsed time   CPU (%)     Real (MB)   Virtual (MB)
       0.000        0.000     1954.793     5746.855
       1.023       17.600     1954.793     5746.855
       2.053       20.400     1954.793     5746.855
       3.085       19.400     1954.793     5746.855
       4.113       19.400     1954.793     5746.855
       5.144       58.200     1954.793     5746.855
       6.175       33.000     1954.793     5746.855
       7.205       23.300     1954.793     5746.855
       8.236       18.400     1954.793     5746.855
       9.265       27.200     1954.793     5746.855
      10.296       70.800     1954.793     5746.855
      11.328       24.200     1954.793     5746.855
      12.359       17.500     1954.793     5746.855
      13.389       17.500     1954.793     5746.855
      14.420       56.200     1954.793     5746.855
      15.451       35.900     1954.793     5746.855
      16.481       27.200     1954.793     5746.855
      17.512       18.400     1954.793     5746.855
      18.543       17.500     1954.793     5746.855
      19.572       17.500     1954.793     5746.855
      20.605       69.700     1954.793     5746.855
      21.634       19.400     1954.793     5746.855
      22.667       17.400     1954.793     5746.855
      23.696       16.500     1954.793     5746.855
      24.725       55.400     1954.793     5746.855
      25.758       34.900     1954.793     5746.855
      26.782       22.400     1954.793     5746.855
      27.811       15.600     1954.793     5746.855
      28.844       13.500     1954.793     5746.855
      29.875       70.800     1954.793     5746.855
      30.907       22.300     1954.793     5746.855
      31.933       18.500     1954.793     5746.855
      32.959       14.600     1954.793     5746.855
      33.986       19.500     1954.793     5746.855
      35.020       53.200     1954.793     5746.855
      36.051       44.600     1954.793     5746.855
      37.081       25.200     1954.793     5746.855
      38.112       19.400     1954.793     5746.855
      39.144       17.400     1954.793     5746.855
      40.176       68.800     1954.793     5746.855
      41.208       22.300     1954.793     5746.855
      42.237       17.500     1954.793     5746.855
      43.266       18.500     1954.793     5746.855
      44.297       47.500     1954.793     5746.855
      45.329       48.500     1954.793     5746.855
      46.357       24.300     1954.793     5746.855
      47.389       15.500     1954.793     5746.855
      48.421       17.400     1954.793     5746.855
      49.449       19.400     1954.793     5746.855
      50.480       74.700     1954.793     5746.855
      51.512       18.400     1954.793     5746.855
      52.543       13.600     1954.793     5746.855
      53.574       15.500     1954.793     5746.855
      54.604       36.900     1954.793     5746.855
      55.629       57.500     1954.793     5746.855
      56.661       27.100     1954.793     5746.855
      57.693       15.500     1954.793     5746.855
      58.722       16.500     1954.793     5746.855
      59.751       72.900     1954.793     5746.855
