# Elapsed time   CPU (%)     Real (MB)   Virtual (MB)
       0.000        0.000     1286.965     3812.582
       1.023        2.900     1286.965     3812.582
       2.056        7.700     1286.965     3812.582
       3.079        4.900     1286.965     3812.582
       4.110        2.900     1286.965     3812.582
       5.143        3.900     1286.965     3812.582
       6.173        3.900     1286.965     3812.582
       7.203        4.900     1286.965     3812.582
       8.233        5.800     1286.965     3812.582
       9.265        3.900     1286.965     3812.582
      10.294        3.900     1286.965     3812.582
      11.326        3.900     1286.965     3812.582
      12.353        1.900     1286.965     3812.582
      13.383        6.800     1286.965     3812.582
      14.413        3.900     1286.965     3812.582
      15.445        3.900     1286.965     3812.582
      16.477        4.800     1286.965     3812.582
      17.507        3.900     1286.965     3812.582
      18.530        6.800     1286.965     3812.582
      19.561        3.900     1286.965     3812.582
      20.589        4.900     1286.965     3812.582
      21.620        4.800     1286.965     3812.582
      22.650        2.900     1286.965     3812.582
      23.681        4.900     1286.965     3812.582
      24.708        4.900     1286.965     3812.582
      25.737        5.800     1286.965     3812.582
      26.766        1.900     1286.965     3812.582
      27.797        3.900     1286.965     3812.582
      28.826        3.900     1286.965     3812.582
      29.856        3.900     1286.965     3812.582
      30.888        2.900     1286.965     3812.582
      31.917        0.000     1286.965     3812.582
      32.947        0.000     1286.965     3812.582
      33.979        0.000     1286.965     3812.582
      35.003        1.000     1286.965     3812.582
      36.027        1.000     1286.965     3812.582
      37.056        0.000     1286.965     3812.582
      38.085        0.000     1286.965     3812.582
      39.117        0.000     1285.012     3812.582
      40.147        0.000     1284.996     3740.547
      41.177        0.000     1284.996     3724.539
      42.209        0.000     1284.996     3724.539
      43.240        0.000     1284.996     3724.539
      44.272        0.000     1284.996     3724.539
      45.302        0.000     1285.012     3692.523
      46.333        0.000     1285.012     3692.523
      47.364        1.000     1285.012     3692.523
      48.394        0.000     1285.012     3692.523
      49.427        0.000     1285.016     3684.520
      50.457        0.000     1285.016     3684.520
      51.489        0.000     1285.016     3684.520
      52.521        0.000     1285.016     3684.520
      53.550        0.000     1285.016     3684.520
      54.581        0.000     1285.016     3684.520
      55.611        0.000     1285.016     3684.520
      56.644        0.000     1285.016     3684.520
      57.675        0.000     1285.016     3684.520
      58.705        0.000     1285.016     3684.520
      59.737        1.000     1285.016     3684.520
