# Elapsed time   CPU (%)     Real (MB)   Virtual (MB)
       0.000        0.000     1954.664     5671.781
       1.023       53.800     1954.664     5671.781
       2.053       27.200     1954.664     5671.781
       3.085       28.100     1954.664     5671.781
       4.115       18.400     1954.664     5671.781
       5.145       67.000     1954.664     5671.781
       6.173       18.500     1954.664     5671.781
       7.204       15.500     1954.664     5671.781
       8.237       16.500     1954.664     5671.781
       9.265       11.700     1954.664     5671.781
      10.297       32.900     1954.664     5671.781
      11.321       75.300     1954.664     5671.781
      12.351       41.700     1954.664     5671.781
      13.382       41.700     1954.664     5671.781
      14.413       34.900     1954.664     5671.781
      15.441       90.500     1954.664     5671.781
      16.471       35.900     1954.664     5671.781
      17.504       22.300     1954.664     5671.781
      18.536       13.600     1954.664     5671.781
      19.568       32.000     1954.664     5671.781
      20.597       55.400     1954.664     5671.781
      21.629       30.000     1954.664     5671.781
      22.660       18.400     1954.664     5671.781
      23.690       21.400     1954.664     5671.781
      24.719       14.600     1954.664     5671.781
      25.749       73.700     1954.664     5671.781
      26.781       20.300     1954.664     5671.781
      27.813       20.300     1954.664     5671.781
      28.844       15.500     1954.664     5671.781
      29.869       23.400     1954.664     5671.781
      30.897       68.000     1954.664     5671.781
      31.927       28.200     1954.664     5671.781
      32.957       21.400     1954.664     5671.781
      33.989       19.400     1954.664     5671.781
      35.021       65.900     1954.664     5671.781
      36.053       24.200     1954.664     5671.781
      37.085       17.400     1954.664     5671.781
      38.117       18.400     1954.664     5671.781
      39.149       18.400     1954.664     5671.781
      40.178       25.300     1954.664     5671.781
      41.206       72.900     1954.664     5671.781
      42.240       21.300     1954.664     5671.781
      43.269       22.300     1954.664     5671.781
      44.301       18.400     1954.664     5671.781
      45.332       69.800     1954.664     5671.781
      46.364       26.200     1954.664     5671.781
      47.396       25.200     1954.664     5671.781
      48.425       17.500     1954.664     5671.781
      49.456       18.400     1954.664     5671.781
      50.486       70.900     1954.664     5671.781
      51.515       40.800     1954.664     5671.781
      52.548       18.400     1954.664     5671.781
      53.580       24.200     1954.664     5671.781
      54.609       14.600     1954.664     5671.781
      55.641       71.700     1954.664     5671.781
      56.670       18.500     1954.664     5671.781
      57.699       23.300     1954.664     5671.781
      58.729       16.500     1954.664     5671.781
      59.761       19.400     1954.664     5671.781
