# Elapsed time   CPU (%)     Real (MB)   Virtual (MB)
       0.000        0.000     1260.535     4771.723
       1.024        4.900     1260.535     4771.723
       2.053        3.900     1260.535     4771.723
       3.083        2.900     1260.535     4771.723
       4.112        3.900     1260.535     4771.723
       5.144        2.900     1260.535     4771.723
       6.169        6.800     1260.535     4771.723
       7.199        3.900     1260.535     4771.723
       8.230        3.900     1260.535     4771.723
       9.260        2.900     1260.535     4771.723
      10.288        4.900     1260.535     4771.723
      11.320        5.800     1260.535     4771.723
      12.349        2.900     1260.535     4771.723
      13.382        2.900     1260.535     4771.723
      14.414        3.900     1260.535     4771.723
      15.446        3.900     1260.535     4771.723
      16.476        6.800     1260.535     4771.723
      17.507        3.900     1260.535     4771.723
      18.536        3.900     1260.535     4771.723
      19.568        3.900     1260.535     4771.723
      20.597        1.900     1260.535     4771.723
      21.630        3.900     1260.535     4771.723
      22.662        5.800     1260.535     4771.723
      23.691        2.900     1260.535     4771.723
      24.729        3.900     1260.535     4771.723
      25.754        3.900     1260.535     4771.723
      26.778        3.900     1260.535     4771.723
      27.808        4.900     1260.535     4771.723
      28.840        2.900     1260.535     4771.723
      29.871        3.900     1260.535     4771.723
      30.903        3.900     1260.535     4771.723
      31.932        4.900     1260.535     4771.723
      32.963        3.900     1260.535     4771.723
      33.995        3.900     1260.535     4771.723
      35.026        2.900     1260.535     4771.723
      36.056        2.900     1260.535     4771.723
      37.087        3.900     1260.535     4771.723
      38.119        5.800     1260.535     4771.723
      39.150        3.900     1260.535     4771.723
      40.180        3.900     1260.535     4771.723
      41.209        2.900     1260.535     4771.723
      42.240        3.900     1260.535     4771.723
      43.269        3.900     1260.535     4771.723
      44.297        5.800     1260.535     4771.723
      45.330        2.900     1260.535     4771.723
      46.360        2.900     1260.535     4771.723
      47.393        3.900     1260.535     4771.723
      48.424        3.900     1260.535     4771.723
      49.452        6.800     1260.535     4771.723
      50.483        2.900     1260.535     4771.723
      51.513        2.900     1260.535     4771.723
      52.542        2.900     1260.535     4771.723
      53.572        4.900     1260.535     4771.723
      54.604        5.800     1260.535     4771.723
      55.632        3.900     1260.535     4771.723
      56.664        3.900     1260.535     4771.723
      57.695        1.900     1260.535     4771.723
      58.727        3.900     1260.535     4771.723
      59.758        6.800     1260.535     4771.723
