# Elapsed time   CPU (%)     Real (MB)   Virtual (MB)
       0.000        0.000     1946.668     3958.520
       1.023       25.400     1946.668     3958.520
       2.053       29.100     1946.668     3958.520
       3.083       61.200     1946.668     3958.520
       4.109       19.500     1946.668     3958.520
       5.140       25.200     1946.668     3958.520
       6.172       12.600     1946.668     3958.520
       7.203       67.800     1946.668     3958.520
       8.233       23.300     1946.668     3958.520
       9.261       24.300     1946.668     3958.520
      10.292       14.600     1946.668     3958.520
      11.322       26.200     1946.668     3958.520
      12.352       26.200     1946.668     3958.520
      13.383       63.100     1946.668     3958.520
      14.413       22.300     1946.668     3958.520
      15.442       29.100     1946.668     3958.520
      16.473       21.300     1946.668     3958.520
      17.504       71.800     1946.668     3958.520
      18.536       22.300     1946.668     3958.520
      19.568       22.300     1946.668     3958.520
      20.597       29.100     1946.668     3958.520
      21.625       25.300     1946.668     3958.520
      22.657       67.900     1946.668     3958.520
      23.685       26.200     1946.668     3958.520
      24.716       17.500     1946.668     3958.520
      25.747       18.400     1946.668     3958.520
      26.774       16.600     1946.668     3958.520
      27.803       77.700     1946.668     3958.520
      28.833       28.200     1946.668     3958.520
      29.865       17.400     1946.668     3958.520
      30.893       25.300     1946.668     3958.520
      31.924       16.500     1946.668     3958.520
      32.956       65.900     1946.668     3958.520
      33.985       21.400     1946.668     3958.520
      35.014       22.400     1946.668     3958.520
      36.045       14.600     1946.668     3958.520
      37.076       73.700     1946.668     3958.520
      38.105       22.300     1946.668     3958.520
      39.136       20.400     1946.668     3958.520
      40.163       15.600     1946.668     3958.520
      41.193       29.100     1946.668     3958.520
      42.225       15.500     1946.668     3958.520
      43.253       71.000     1946.668     3958.520
      44.285       18.400     1946.668     3958.520
      45.316       31.000     1946.668     3958.520
      46.348       23.300     1946.668     3958.520
      47.376       70.000     1946.668     3958.520
      48.403       23.400     1946.668     3958.520
      49.433       20.400     1946.668     3958.520
      50.464       19.400     1946.668     3958.520
      51.489       21.400     1946.668     3958.520
      52.519       20.400     1946.668     3958.520
      53.548       73.900     1946.668     3958.520
      54.577       22.300     1946.668     3958.520
      55.607       21.400     1946.668     3958.520
      56.635       15.600     1946.668     3958.520
      57.664       65.100     1946.668     3958.520
      58.687       31.300     1946.668     3958.520
      59.719       21.300     1946.668     3958.520
